[[36moctomap_ros[0m] [1m[34m==>[0m '[1m/home/mahesh/catkin_ws/build/octomap_ros/build_env.sh /usr/bin/cmake /home/mahesh/catkin_ws/src/octomap_ros -DCATKIN_DEVEL_PREFIX=/home/mahesh/catkin_ws/devel -DCMAKE_INSTALL_PREFIX=/home/mahesh/catkin_ws/install[0m' [30m[1min[0m '[1m/home/mahesh/catkin_ws/build/octomap_ros[0m'[0m
[36m-- [0mThe C compiler identification is GNU 4.8.4
[0m[36m-- [0mThe CXX compiler identification is GNU 4.8.4
[0m[36m-- [0mCheck for working C compiler:[33m /usr/bin/cc
[0m[0m[36m-- [0mCheck for working C compiler:[33m /usr/bin/cc -- works
[0m[0m[36m-- [0mDetecting C compiler ABI info
[0m[36m-- [0mDetecting C compiler ABI info - done
[0m[36m-- [0mCheck for working CXX compiler:[33m /usr/bin/c++
[0m[0m[36m-- [0mCheck for working CXX compiler:[33m /usr/bin/c++ -- works
[0m[0m[36m-- [0mDetecting CXX compiler ABI info
[0m[36m-- [0mDetecting CXX compiler ABI info - done
[0m[36m-- [0mUsing CATKIN_DEVEL_PREFIX:[33m /home/mahesh/catkin_ws/devel
[0m[0m[36m-- [0mUsing CMAKE_PREFIX_PATH:[33m /home/mahesh/catkin_ws/devel;/opt/ros/indigo
[0m[0m[36m-- [0mThis workspace overlays:[33m /home/mahesh/catkin_ws/devel;/opt/ros/indigo
[0m[0m[36m-- [0mFound PythonInterp:[33m /usr/bin/python (found version "2.7.6") 
[0m[0m[36m-- [0mUsing PYTHON_EXECUTABLE:[33m /usr/bin/python
[0m[0m[36m-- [0mUsing Debian Python package layout
[0m[36m-- [0mUsing empy:[33m /usr/bin/empy
[0m[0m[36m-- [0mUsing CATKIN_ENABLE_TESTING:[33m ON
[0m[0m[36m-- [0mCall enable_testing()
[0m[36m-- [0mUsing CATKIN_TEST_RESULTS_DIR:[33m /home/mahesh/catkin_ws/build/octomap_ros/test_results
[0m[0m[36m-- [0mLooking for include file pthread.h
[0m[36m-- [0mLooking for include file pthread.h - found
[0m[36m-- [0mLooking for pthread_create
[0m[36m-- [0mLooking for pthread_create - not found
[0m[36m-- [0mLooking for pthread_create in pthreads
[0m[36m-- [0mLooking for pthread_create in pthreads - not found
[0m[36m-- [0mLooking for pthread_create in pthread
[0m[36m-- [0mLooking for pthread_create in pthread - found
[0m[36m-- [0mFound Threads:[33m TRUE  
[0m[0m[36m-- [0mFound gtest sources under '/usr/src/gtest':[33m gtests will be built
[0m[0m[36m-- [0mUsing Python nosetests:[33m /usr/bin/nosetests-2.7
[0m[0m[36m-- [0mcatkin 0.6.14
[0m[36m-- [0mUsing these message generators:[33m gencpp;genlisp;genpy
[0m[0m[31m[1mCMake Error[0m at /opt/ros/indigo/share/catkin/cmake/catkinConfig.cmake:75 (find_package):
[0m  Could not find a package configuration file provided by "pcl_ros" with any
[0m  of the following names:
[0m
[0m    pcl_rosConfig.cmake
[0m    pcl_ros-config.cmake
[0m
[0m  Add the installation prefix of "pcl_ros" to CMAKE_PREFIX_PATH or set
[0m  "pcl_ros_DIR" to a directory containing one of the above files.  If
[0m  "pcl_ros" provides a separate development package or SDK, be sure it has
[0m  been installed.
[0m[36m[4mCall Stack (most recent call first):[0m
[0m  CMakeLists.txt:4 (find_package)
[0m
[0m
[0m[36m-- [0mConfiguring incomplete, errors occurred!
[0mSee also "/home/mahesh/catkin_ws/build/octomap_ros/CMakeFiles/CMakeOutput.log".
[0mSee also "/home/mahesh/catkin_ws/build/octomap_ros/CMakeFiles/CMakeError.log".
[0m[[36moctomap_ros[0m] [1m[31m<==[0m '[1m/home/mahesh/catkin_ws/build/octomap_ros/build_env.sh /usr/bin/cmake /home/mahesh/catkin_ws/src/octomap_ros -DCATKIN_DEVEL_PREFIX=/home/mahesh/catkin_ws/devel -DCMAKE_INSTALL_PREFIX=/home/mahesh/catkin_ws/install[0m' [31mfailed with return code[0m '[1m1[0m'[0m
